#
# There is insufficient memory for the Java Runtime Environment to continue.
# Native memory allocation (malloc) failed to allocate 1097024 bytes. Error detail: Chunk::new
# Possible reasons:
#   The system is out of physical RAM or swap space
#   This process is running with CompressedOops enabled, and the Java Heap may be blocking the growth of the native heap
# Possible solutions:
#   Reduce memory load on the system
#   Increase physical memory or swap space
#   Check if swap backing store is full
#   Decrease Java heap size (-Xmx/-Xms)
#   Decrease number of Java threads
#   Decrease Java thread stack sizes (-Xss)
#   Set larger code cache with -XX:ReservedCodeCacheSize=
#   JVM is running with Unscaled Compressed Oops mode in which the Java heap is
#     placed in the first 4GB address space. The Java Heap base address is the
#     maximum limit for the native heap growth. Please use -XX:HeapBaseMinAddress
#     to set the Java Heap base and to place the Java Heap above 4GB virtual address.
# This output file may be truncated or incomplete.
#
#  Out of Memory Error (arena.cpp:168), pid=19440, tid=20376
#
# JRE version: OpenJDK Runtime Environment (21.0.6) (build 21.0.6+-13368085-b895.109)
# Java VM: OpenJDK 64-Bit Server VM (21.0.6+-13368085-b895.109, mixed mode, tiered, compressed oops, compressed class ptrs, g1 gc, windows-amd64)
# No core dump will be written. Minidumps are not enabled by default on client versions of Windows
#

---------------  S U M M A R Y ------------

Command Line: --add-opens=java.base/java.lang=ALL-UNNAMED --add-opens=java.base/java.lang.invoke=ALL-UNNAMED --add-opens=java.base/java.util=ALL-UNNAMED --add-opens=java.prefs/java.util.prefs=ALL-UNNAMED --add-exports=jdk.compiler/com.sun.tools.javac.api=ALL-UNNAMED --add-exports=jdk.compiler/com.sun.tools.javac.util=ALL-UNNAMED --add-opens=java.base/java.util=ALL-UNNAMED --add-opens=java.prefs/java.util.prefs=ALL-UNNAMED --add-opens=java.base/java.nio.charset=ALL-UNNAMED --add-opens=java.base/java.net=ALL-UNNAMED --add-opens=java.base/java.util.concurrent.atomic=ALL-UNNAMED --add-opens=java.xml/javax.xml.namespace=ALL-UNNAMED -Xmx2048m -Dfile.encoding=UTF-8 -Duser.country=GB -Duser.language=en -Duser.variant -javaagent:C:\Users\jacki\.gradle\wrapper\dists\gradle-8.11.1-bin\bpt9gzteqjrbo1mjrsomdt32c\gradle-8.11.1\lib\agents\gradle-instrumentation-agent-8.11.1.jar org.gradle.launcher.daemon.bootstrap.GradleDaemon 8.11.1

Host: AMD Ryzen 7 5800H with Radeon Graphics         , 16 cores, 13G,  Windows 11 , 64 bit Build 26100 (10.0.26100.4202)
Time: Tue Jul  1 12:08:05 2025 India Standard Time elapsed time: 13.507444 seconds (0d 0h 0m 13s)

---------------  T H R E A D  ---------------

Current thread (0x0000028025ca81b0):  JavaThread "C2 CompilerThread3" daemon [_thread_in_native, id=20376, stack(0x0000009c29e00000,0x0000009c29f00000) (1024K)]


Current CompileTask:
C2:13507 5252       4       java.lang.invoke.InvokerBytecodeGenerator::addMethod (725 bytes)

Stack: [0x0000009c29e00000,0x0000009c29f00000]
Native frames: (J=compiled Java code, j=interpreted, Vv=VM code, C=native code)
V  [jvm.dll+0x6d0639]
V  [jvm.dll+0x85eb03]
V  [jvm.dll+0x86105e]
V  [jvm.dll+0x861743]
V  [jvm.dll+0x27e6e6]
V  [jvm.dll+0xbff6d]
V  [jvm.dll+0xc04a3]
V  [jvm.dll+0x3b61ab]
V  [jvm.dll+0x1de684]
V  [jvm.dll+0x247dd4]
V  [jvm.dll+0x247251]
V  [jvm.dll+0x1c5f04]
V  [jvm.dll+0x2569ac]
V  [jvm.dll+0x254ef6]
V  [jvm.dll+0x3f0e96]
V  [jvm.dll+0x806ed8]
V  [jvm.dll+0x6cef0d]
C  [ucrtbase.dll+0x37b0]
C  [KERNEL32.DLL+0x2e8d7]
C  [ntdll.dll+0x3c34c]


---------------  P R O C E S S  ---------------

Threads class SMR info:
_java_thread_list=0x0000028025cb5bf0, length=54, elements={
0x0000028002078930, 0x000002801c998920, 0x000002801c999370, 0x000002801c99e580,
0x000002801c99efd0, 0x000002801c9b6f10, 0x000002801c9b7960, 0x000002801c99c1c0,
0x000002801c99cc50, 0x000002801cb38c80, 0x000002801cb67030, 0x000002801cb656d0,
0x00000280210c3ee0, 0x0000028021c6b110, 0x00000280229843c0, 0x0000028022c46e80,
0x0000028022c6b9c0, 0x0000028022b77330, 0x0000028022b77990, 0x0000028022bf50d0,
0x0000028022c09670, 0x0000028022c27d00, 0x0000028022c01d30, 0x0000028022c02a50,
0x0000028022c023c0, 0x0000028022c016a0, 0x00000280230044a0, 0x0000028023004b30,
0x00000280230030f0, 0x0000028023003e10, 0x00000280230051c0, 0x0000028023005850,
0x0000028025078150, 0x0000028023003780, 0x0000028023008cd0, 0x0000028023006570,
0x0000028023007fb0, 0x0000028023007920, 0x0000028023005ee0, 0x000002802300a080,
0x0000028023007290, 0x0000028023006c00, 0x0000028023008640, 0x0000028023009360,
0x000002802300a710, 0x00000280230099f0, 0x0000028022f919b0, 0x0000028022f92040,
0x0000028022f933f0, 0x0000028022f926d0, 0x0000028022f90600, 0x0000028022f8ff70,
0x0000028025275b00, 0x0000028025ca81b0
}

Java Threads: ( => current thread )
  0x0000028002078930 JavaThread "main"                              [_thread_blocked, id=15376, stack(0x0000009c25400000,0x0000009c25500000) (1024K)]
  0x000002801c998920 JavaThread "Reference Handler"          daemon [_thread_blocked, id=24228, stack(0x0000009c25c00000,0x0000009c25d00000) (1024K)]
  0x000002801c999370 JavaThread "Finalizer"                  daemon [_thread_blocked, id=6044, stack(0x0000009c25d00000,0x0000009c25e00000) (1024K)]
  0x000002801c99e580 JavaThread "Signal Dispatcher"          daemon [_thread_blocked, id=11932, stack(0x0000009c25e00000,0x0000009c25f00000) (1024K)]
  0x000002801c99efd0 JavaThread "Attach Listener"            daemon [_thread_blocked, id=24056, stack(0x0000009c25f00000,0x0000009c26000000) (1024K)]
  0x000002801c9b6f10 JavaThread "Service Thread"             daemon [_thread_blocked, id=7840, stack(0x0000009c26000000,0x0000009c26100000) (1024K)]
  0x000002801c9b7960 JavaThread "Monitor Deflation Thread"   daemon [_thread_blocked, id=4632, stack(0x0000009c26100000,0x0000009c26200000) (1024K)]
  0x000002801c99c1c0 JavaThread "C2 CompilerThread0"         daemon [_thread_blocked, id=12668, stack(0x0000009c26200000,0x0000009c26300000) (1024K)]
  0x000002801c99cc50 JavaThread "C1 CompilerThread0"         daemon [_thread_blocked, id=868, stack(0x0000009c26300000,0x0000009c26400000) (1024K)]
  0x000002801cb38c80 JavaThread "Common-Cleaner"             daemon [_thread_blocked, id=4316, stack(0x0000009c26400000,0x0000009c26500000) (1024K)]
  0x000002801cb67030 JavaThread "C1 CompilerThread1"         daemon [_thread_blocked, id=25596, stack(0x0000009c26500000,0x0000009c26600000) (1024K)]
  0x000002801cb656d0 JavaThread "C1 CompilerThread2"         daemon [_thread_blocked, id=12980, stack(0x0000009c26600000,0x0000009c26700000) (1024K)]
  0x00000280210c3ee0 JavaThread "Notification Thread"        daemon [_thread_blocked, id=18788, stack(0x0000009c26700000,0x0000009c26800000) (1024K)]
  0x0000028021c6b110 JavaThread "C1 CompilerThread3"         daemon [_thread_blocked, id=22380, stack(0x0000009c27000000,0x0000009c27100000) (1024K)]
  0x00000280229843c0 JavaThread "Daemon health stats"               [_thread_blocked, id=4468, stack(0x0000009c27100000,0x0000009c27200000) (1024K)]
  0x0000028022c46e80 JavaThread "Incoming local TCP Connector on port 56756"        [_thread_in_native, id=13288, stack(0x0000009c27200000,0x0000009c27300000) (1024K)]
  0x0000028022c6b9c0 JavaThread "Daemon periodic checks"            [_thread_blocked, id=13160, stack(0x0000009c27300000,0x0000009c27400000) (1024K)]
  0x0000028022b77330 JavaThread "Daemon"                            [_thread_blocked, id=11456, stack(0x0000009c27400000,0x0000009c27500000) (1024K)]
  0x0000028022b77990 JavaThread "Handler for socket connection from /127.0.0.1:56756 to /127.0.0.1:56759"        [_thread_in_native, id=19080, stack(0x0000009c27500000,0x0000009c27600000) (1024K)]
  0x0000028022bf50d0 JavaThread "Cancel handler"                    [_thread_blocked, id=3900, stack(0x0000009c27600000,0x0000009c27700000) (1024K)]
  0x0000028022c09670 JavaThread "Daemon worker"                     [_thread_blocked, id=18228, stack(0x0000009c27700000,0x0000009c27800000) (1024K)]
  0x0000028022c27d00 JavaThread "Asynchronous log dispatcher for DefaultDaemonConnection: socket connection from /127.0.0.1:56756 to /127.0.0.1:56759"        [_thread_blocked, id=20608, stack(0x0000009c27800000,0x0000009c27900000) (1024K)]
  0x0000028022c01d30 JavaThread "Stdin handler"                     [_thread_blocked, id=2156, stack(0x0000009c27900000,0x0000009c27a00000) (1024K)]
  0x0000028022c02a50 JavaThread "Daemon client event forwarder"        [_thread_blocked, id=10416, stack(0x0000009c27a00000,0x0000009c27b00000) (1024K)]
  0x0000028022c023c0 JavaThread "Cache worker for journal cache (C:\Users\jacki\.gradle\caches\journal-1)"        [_thread_blocked, id=19648, stack(0x0000009c28100000,0x0000009c28200000) (1024K)]
  0x0000028022c016a0 JavaThread "File lock request listener"        [_thread_in_native, id=10284, stack(0x0000009c28200000,0x0000009c28300000) (1024K)]
  0x00000280230044a0 JavaThread "Cache worker for file hash cache (C:\Users\jacki\.gradle\caches\8.11.1\fileHashes)"        [_thread_blocked, id=18696, stack(0x0000009c28300000,0x0000009c28400000) (1024K)]
  0x0000028023004b30 JavaThread "Cache worker for file content cache (C:\Users\jacki\.gradle\caches\8.11.1\fileContent)"        [_thread_blocked, id=8356, stack(0x0000009c28600000,0x0000009c28700000) (1024K)]
  0x00000280230030f0 JavaThread "Cache worker for file hash cache (C:\Users\jacki\Documents\GitHub\HearWell-Kotlin\.gradle\8.11.1\fileHashes)"        [_thread_blocked, id=21672, stack(0x0000009c28500000,0x0000009c28600000) (1024K)]
  0x0000028023003e10 JavaThread "Cache worker for Build Output Cleanup Cache (C:\Users\jacki\Documents\GitHub\HearWell-Kotlin\.gradle\buildOutputCleanup)"        [_thread_blocked, id=20148, stack(0x0000009c28700000,0x0000009c28800000) (1024K)]
  0x00000280230051c0 JavaThread "File watcher server"        daemon [_thread_in_native, id=5208, stack(0x0000009c28400000,0x0000009c28500000) (1024K)]
  0x0000028023005850 JavaThread "File watcher consumer"      daemon [_thread_blocked, id=5996, stack(0x0000009c28800000,0x0000009c28900000) (1024K)]
  0x0000028025078150 JavaThread "C2 CompilerThread1"         daemon [_thread_blocked, id=23620, stack(0x0000009c28900000,0x0000009c28a00000) (1024K)]
  0x0000028023003780 JavaThread "jar transforms"                    [_thread_blocked, id=4484, stack(0x0000009c28a00000,0x0000009c28b00000) (1024K)]
  0x0000028023008cd0 JavaThread "jar transforms Thread 2"           [_thread_blocked, id=17808, stack(0x0000009c28b00000,0x0000009c28c00000) (1024K)]
  0x0000028023006570 JavaThread "jar transforms Thread 3"           [_thread_blocked, id=20896, stack(0x0000009c28c00000,0x0000009c28d00000) (1024K)]
  0x0000028023007fb0 JavaThread "jar transforms Thread 4"           [_thread_blocked, id=10756, stack(0x0000009c28d00000,0x0000009c28e00000) (1024K)]
  0x0000028023007920 JavaThread "jar transforms Thread 5"           [_thread_blocked, id=12600, stack(0x0000009c28e00000,0x0000009c28f00000) (1024K)]
  0x0000028023005ee0 JavaThread "jar transforms Thread 6"           [_thread_blocked, id=16152, stack(0x0000009c28f00000,0x0000009c29000000) (1024K)]
  0x000002802300a080 JavaThread "jar transforms Thread 7"           [_thread_blocked, id=10776, stack(0x0000009c29000000,0x0000009c29100000) (1024K)]
  0x0000028023007290 JavaThread "jar transforms Thread 8"           [_thread_blocked, id=16924, stack(0x0000009c29100000,0x0000009c29200000) (1024K)]
  0x0000028023006c00 JavaThread "jar transforms Thread 9"           [_thread_blocked, id=16960, stack(0x0000009c29200000,0x0000009c29300000) (1024K)]
  0x0000028023008640 JavaThread "jar transforms Thread 10"          [_thread_blocked, id=18960, stack(0x0000009c29300000,0x0000009c29400000) (1024K)]
  0x0000028023009360 JavaThread "jar transforms Thread 11"          [_thread_blocked, id=14552, stack(0x0000009c29400000,0x0000009c29500000) (1024K)]
  0x000002802300a710 JavaThread "jar transforms Thread 12"          [_thread_blocked, id=11980, stack(0x0000009c29500000,0x0000009c29600000) (1024K)]
  0x00000280230099f0 JavaThread "jar transforms Thread 13"          [_thread_blocked, id=25364, stack(0x0000009c29600000,0x0000009c29700000) (1024K)]
  0x0000028022f919b0 JavaThread "jar transforms Thread 14"          [_thread_blocked, id=24220, stack(0x0000009c29700000,0x0000009c29800000) (1024K)]
  0x0000028022f92040 JavaThread "jar transforms Thread 15"          [_thread_blocked, id=4720, stack(0x0000009c29800000,0x0000009c29900000) (1024K)]
  0x0000028022f933f0 JavaThread "jar transforms Thread 16"          [_thread_blocked, id=20104, stack(0x0000009c29900000,0x0000009c29a00000) (1024K)]
  0x0000028022f926d0 JavaThread "Cache worker for checksums cache (C:\Users\jacki\Documents\GitHub\HearWell-Kotlin\.gradle\8.11.1\checksums)"        [_thread_blocked, id=12184, stack(0x0000009c29a00000,0x0000009c29b00000) (1024K)]
  0x0000028022f90600 JavaThread "Cache worker for cache directory md-rule (C:\Users\jacki\.gradle\caches\8.11.1\md-rule)"        [_thread_blocked, id=19844, stack(0x0000009c29b00000,0x0000009c29c00000) (1024K)]
  0x0000028022f8ff70 JavaThread "Cache worker for cache directory md-supplier (C:\Users\jacki\.gradle\caches\8.11.1\md-supplier)"        [_thread_blocked, id=8048, stack(0x0000009c29c00000,0x0000009c29d00000) (1024K)]
  0x0000028025275b00 JavaThread "C2 CompilerThread2"         daemon [_thread_blocked, id=13496, stack(0x0000009c29d00000,0x0000009c29e00000) (1024K)]
=>0x0000028025ca81b0 JavaThread "C2 CompilerThread3"         daemon [_thread_in_native, id=20376, stack(0x0000009c29e00000,0x0000009c29f00000) (1024K)]
Total: 54

Other Threads:
  0x000002801c93d550 VMThread "VM Thread"                           [id=20852, stack(0x0000009c25b00000,0x0000009c25c00000) (1024K)] _threads_hazard_ptr=0x0000028025cb5bf0
  0x000002801c77c990 WatcherThread "VM Periodic Task Thread"        [id=25044, stack(0x0000009c25a00000,0x0000009c25b00000) (1024K)]
  0x0000028004564d80 WorkerThread "GC Thread#0"                     [id=13056, stack(0x0000009c25500000,0x0000009c25600000) (1024K)]
  0x00000280213eb7f0 WorkerThread "GC Thread#1"                     [id=23028, stack(0x0000009c26c00000,0x0000009c26d00000) (1024K)]
  0x0000028021947fa0 WorkerThread "GC Thread#2"                     [id=12552, stack(0x0000009c26d00000,0x0000009c26e00000) (1024K)]
  0x0000028021316880 WorkerThread "GC Thread#3"                     [id=25388, stack(0x0000009c26e00000,0x0000009c26f00000) (1024K)]
  0x00000280219b1120 WorkerThread "GC Thread#4"                     [id=22784, stack(0x0000009c26f00000,0x0000009c27000000) (1024K)]
  0x000002802292cfd0 WorkerThread "GC Thread#5"                     [id=12996, stack(0x0000009c26a00000,0x0000009c26b00000) (1024K)]
  0x0000028022c8bc90 WorkerThread "GC Thread#6"                     [id=20180, stack(0x0000009c26b00000,0x0000009c26c00000) (1024K)]
  0x0000028022dfca80 WorkerThread "GC Thread#7"                     [id=24908, stack(0x0000009c26800000,0x0000009c26900000) (1024K)]
  0x0000028022dfce20 WorkerThread "GC Thread#8"                     [id=19788, stack(0x0000009c26900000,0x0000009c26a00000) (1024K)]
  0x0000028022dfd1c0 WorkerThread "GC Thread#9"                     [id=10184, stack(0x0000009c27b00000,0x0000009c27c00000) (1024K)]
  0x0000028022dfd560 WorkerThread "GC Thread#10"                    [id=21176, stack(0x0000009c27c00000,0x0000009c27d00000) (1024K)]
  0x0000028022dfd900 WorkerThread "GC Thread#11"                    [id=23000, stack(0x0000009c27d00000,0x0000009c27e00000) (1024K)]
  0x0000028022dfbfa0 WorkerThread "GC Thread#12"                    [id=4152, stack(0x0000009c27e00000,0x0000009c27f00000) (1024K)]
  0x0000028004575f40 ConcurrentGCThread "G1 Main Marker"            [id=18104, stack(0x0000009c25600000,0x0000009c25700000) (1024K)]
  0x0000028004578370 WorkerThread "G1 Conc#0"                       [id=4772, stack(0x0000009c25700000,0x0000009c25800000) (1024K)]
  0x0000028022dfc340 WorkerThread "G1 Conc#1"                       [id=8060, stack(0x0000009c27f00000,0x0000009c28000000) (1024K)]
  0x0000028022dfc6e0 WorkerThread "G1 Conc#2"                       [id=23044, stack(0x0000009c28000000,0x0000009c28100000) (1024K)]
  0x000002801c652490 ConcurrentGCThread "G1 Refine#0"               [id=12920, stack(0x0000009c25800000,0x0000009c25900000) (1024K)]
  0x000002801c652cb0 ConcurrentGCThread "G1 Service"                [id=24468, stack(0x0000009c25900000,0x0000009c25a00000) (1024K)]
Total: 21

Threads with active compile tasks:
C2 CompilerThread3  13519 5252       4       java.lang.invoke.InvokerBytecodeGenerator::addMethod (725 bytes)
Total: 1

VM state: synchronizing (normal execution)

VM Mutex/Monitor currently owned by a thread:  ([mutex/lock_event])
[0x00007ffbe23be3a0] Threads_lock - owner thread: 0x000002801c93d550

Heap address: 0x0000000080000000, size: 2048 MB, Compressed Oops mode: 32-bit

CDS archive(s) not mapped
Compressed class space mapped at: 0x0000000100000000-0x0000000140000000, reserved size: 1073741824
Narrow klass base: 0x0000000000000000, Narrow klass shift: 3, Narrow klass range: 0x140000000

GC Precious Log:
 CardTable entry size: 512
 Card Set container configuration: InlinePtr #cards 5 size 8 Array Of Cards #cards 12 size 40 Howl #buckets 4 coarsen threshold 1843 Howl Bitmap #cards 512 size 80 coarsen threshold 460 Card regions per heap region 1 cards per card region 2048
 CPUs: 16 total, 16 available
 Memory: 14188M
 Large Page Support: Disabled
 NUMA Support: Disabled
 Compressed Oops: Enabled (32-bit)
 Heap Region Size: 1M
 Heap Min Capacity: 8M
 Heap Initial Capacity: 222M
 Heap Max Capacity: 2G
 Pre-touch: Disabled
 Parallel Workers: 13
 Concurrent Workers: 3
 Concurrent Refinement Workers: 13
 Periodic GC: Disabled

Heap:
 garbage-first heap   total 104448K, used 73067K [0x0000000080000000, 0x0000000100000000)
  region size 1024K, 24 young (24576K), 4 survivors (4096K)
 Metaspace       used 54784K, committed 56320K, reserved 1114112K
  class space    used 7377K, committed 8128K, reserved 1048576K

Heap Regions: E=young(eden), S=young(survivor), O=old, HS=humongous(starts), HC=humongous(continues), CS=collection set, F=free, TAMS=top-at-mark-start, PB=parsable bottom
|   0|0x0000000080000000, 0x0000000080100000, 0x0000000080100000|100%|HS|  |TAMS 0x0000000080000000| PB 0x0000000080000000| Complete 
|   1|0x0000000080100000, 0x0000000080200000, 0x0000000080200000|100%|HC|  |TAMS 0x0000000080100000| PB 0x0000000080100000| Complete 
|   2|0x0000000080200000, 0x0000000080300000, 0x0000000080300000|100%|HC|  |TAMS 0x0000000080200000| PB 0x0000000080200000| Complete 
|   3|0x0000000080300000, 0x0000000080400000, 0x0000000080400000|100%| O|  |TAMS 0x0000000080300000| PB 0x0000000080300000| Untracked 
|   4|0x0000000080400000, 0x0000000080500000, 0x0000000080500000|100%| O|  |TAMS 0x0000000080400000| PB 0x0000000080400000| Untracked 
|   5|0x0000000080500000, 0x0000000080600000, 0x0000000080600000|100%|HS|  |TAMS 0x0000000080500000| PB 0x0000000080500000| Complete 
|   6|0x0000000080600000, 0x0000000080700000, 0x0000000080700000|100%| O|  |TAMS 0x0000000080600000| PB 0x0000000080600000| Untracked 
|   7|0x0000000080700000, 0x0000000080800000, 0x0000000080800000|100%| O|  |TAMS 0x0000000080700000| PB 0x0000000080700000| Untracked 
|   8|0x0000000080800000, 0x0000000080900000, 0x0000000080900000|100%| O|  |TAMS 0x0000000080800000| PB 0x0000000080800000| Untracked 
|   9|0x0000000080900000, 0x0000000080a00000, 0x0000000080a00000|100%| O|  |TAMS 0x0000000080900000| PB 0x0000000080900000| Untracked 
|  10|0x0000000080a00000, 0x0000000080b00000, 0x0000000080b00000|100%| O|  |TAMS 0x0000000080a00000| PB 0x0000000080a00000| Untracked 
|  11|0x0000000080b00000, 0x0000000080c00000, 0x0000000080c00000|100%| O|  |TAMS 0x0000000080b00000| PB 0x0000000080b00000| Untracked 
|  12|0x0000000080c00000, 0x0000000080d00000, 0x0000000080d00000|100%| O|  |TAMS 0x0000000080c00000| PB 0x0000000080c00000| Untracked 
|  13|0x0000000080d00000, 0x0000000080e00000, 0x0000000080e00000|100%| O|  |TAMS 0x0000000080d00000| PB 0x0000000080d00000| Untracked 
|  14|0x0000000080e00000, 0x0000000080f00000, 0x0000000080f00000|100%| O|  |TAMS 0x0000000080e00000| PB 0x0000000080e00000| Untracked 
|  15|0x0000000080f00000, 0x0000000081000000, 0x0000000081000000|100%| O|  |TAMS 0x0000000080f00000| PB 0x0000000080f00000| Untracked 
|  16|0x0000000081000000, 0x0000000081100000, 0x0000000081100000|100%| O|  |TAMS 0x0000000081000000| PB 0x0000000081000000| Untracked 
|  17|0x0000000081100000, 0x0000000081200000, 0x0000000081200000|100%| O|  |TAMS 0x0000000081100000| PB 0x0000000081100000| Untracked 
|  18|0x0000000081200000, 0x0000000081300000, 0x0000000081300000|100%| O|  |TAMS 0x0000000081200000| PB 0x0000000081200000| Untracked 
|  19|0x0000000081300000, 0x0000000081400000, 0x0000000081400000|100%| O|  |TAMS 0x0000000081300000| PB 0x0000000081300000| Untracked 
|  20|0x0000000081400000, 0x0000000081500000, 0x0000000081500000|100%| O|  |TAMS 0x0000000081400000| PB 0x0000000081400000| Untracked 
|  21|0x0000000081500000, 0x0000000081600000, 0x0000000081600000|100%|HS|  |TAMS 0x0000000081500000| PB 0x0000000081500000| Complete 
|  22|0x0000000081600000, 0x0000000081700000, 0x0000000081700000|100%|HC|  |TAMS 0x0000000081600000| PB 0x0000000081600000| Complete 
|  23|0x0000000081700000, 0x0000000081800000, 0x0000000081800000|100%|HC|  |TAMS 0x0000000081700000| PB 0x0000000081700000| Complete 
|  24|0x0000000081800000, 0x0000000081900000, 0x0000000081900000|100%|HC|  |TAMS 0x0000000081800000| PB 0x0000000081800000| Complete 
|  25|0x0000000081900000, 0x0000000081a00000, 0x0000000081a00000|100%|HC|  |TAMS 0x0000000081900000| PB 0x0000000081900000| Complete 
|  26|0x0000000081a00000, 0x0000000081b00000, 0x0000000081b00000|100%|HC|  |TAMS 0x0000000081a00000| PB 0x0000000081a00000| Complete 
|  27|0x0000000081b00000, 0x0000000081c00000, 0x0000000081c00000|100%|HS|  |TAMS 0x0000000081b00000| PB 0x0000000081b00000| Complete 
|  28|0x0000000081c00000, 0x0000000081d00000, 0x0000000081d00000|100%| O|  |TAMS 0x0000000081c00000| PB 0x0000000081c00000| Untracked 
|  29|0x0000000081d00000, 0x0000000081d00000, 0x0000000081e00000|  0%| F|  |TAMS 0x0000000081d00000| PB 0x0000000081d00000| Untracked 
|  30|0x0000000081e00000, 0x0000000081f00000, 0x0000000081f00000|100%| O|  |TAMS 0x0000000081e00000| PB 0x0000000081e00000| Untracked 
|  31|0x0000000081f00000, 0x0000000082000000, 0x0000000082000000|100%| O|  |TAMS 0x0000000081f00000| PB 0x0000000081f00000| Untracked 
|  32|0x0000000082000000, 0x0000000082100000, 0x0000000082100000|100%| O|  |TAMS 0x0000000082000000| PB 0x0000000082000000| Untracked 
|  33|0x0000000082100000, 0x0000000082200000, 0x0000000082200000|100%|HS|  |TAMS 0x0000000082100000| PB 0x0000000082100000| Complete 
|  34|0x0000000082200000, 0x0000000082300000, 0x0000000082300000|100%|HC|  |TAMS 0x0000000082200000| PB 0x0000000082200000| Complete 
|  35|0x0000000082300000, 0x0000000082400000, 0x0000000082400000|100%|HC|  |TAMS 0x0000000082300000| PB 0x0000000082300000| Complete 
|  36|0x0000000082400000, 0x0000000082500000, 0x0000000082500000|100%|HC|  |TAMS 0x0000000082400000| PB 0x0000000082400000| Complete 
|  37|0x0000000082500000, 0x0000000082600000, 0x0000000082600000|100%|HS|  |TAMS 0x0000000082500000| PB 0x0000000082500000| Complete 
|  38|0x0000000082600000, 0x0000000082700000, 0x0000000082700000|100%|HC|  |TAMS 0x0000000082600000| PB 0x0000000082600000| Complete 
|  39|0x0000000082700000, 0x0000000082800000, 0x0000000082800000|100%| O|  |TAMS 0x0000000082700000| PB 0x0000000082700000| Untracked 
|  40|0x0000000082800000, 0x0000000082900000, 0x0000000082900000|100%| O|  |TAMS 0x0000000082800000| PB 0x0000000082800000| Untracked 
|  41|0x0000000082900000, 0x0000000082a00000, 0x0000000082a00000|100%| O|  |TAMS 0x0000000082900000| PB 0x0000000082900000| Untracked 
|  42|0x0000000082a00000, 0x0000000082a00000, 0x0000000082b00000|  0%| F|  |TAMS 0x0000000082a00000| PB 0x0000000082a00000| Untracked 
|  43|0x0000000082b00000, 0x0000000082c00000, 0x0000000082c00000|100%| O|  |TAMS 0x0000000082b00000| PB 0x0000000082b00000| Untracked 
|  44|0x0000000082c00000, 0x0000000082d00000, 0x0000000082d00000|100%| O|  |TAMS 0x0000000082c00000| PB 0x0000000082c00000| Untracked 
|  45|0x0000000082d00000, 0x0000000082e00000, 0x0000000082e00000|100%| O|  |TAMS 0x0000000082d00000| PB 0x0000000082d00000| Untracked 
|  46|0x0000000082e00000, 0x0000000082f00000, 0x0000000082f00000|100%| O|  |TAMS 0x0000000082e00000| PB 0x0000000082e00000| Untracked 
|  47|0x0000000082f00000, 0x0000000083000000, 0x0000000083000000|100%| O|  |TAMS 0x0000000082f00000| PB 0x0000000082f00000| Untracked 
|  48|0x0000000083000000, 0x0000000083100000, 0x0000000083100000|100%| O|  |TAMS 0x0000000083000000| PB 0x0000000083000000| Untracked 
|  49|0x0000000083100000, 0x0000000083100000, 0x0000000083200000|  0%| F|  |TAMS 0x0000000083100000| PB 0x0000000083100000| Untracked 
|  50|0x0000000083200000, 0x0000000083200000, 0x0000000083300000|  0%| F|  |TAMS 0x0000000083200000| PB 0x0000000083200000| Untracked 
|  51|0x0000000083300000, 0x0000000083300000, 0x0000000083400000|  0%| F|  |TAMS 0x0000000083300000| PB 0x0000000083300000| Untracked 
|  52|0x0000000083400000, 0x0000000083400000, 0x0000000083500000|  0%| F|  |TAMS 0x0000000083400000| PB 0x0000000083400000| Untracked 
|  53|0x0000000083500000, 0x0000000083500000, 0x0000000083600000|  0%| F|  |TAMS 0x0000000083500000| PB 0x0000000083500000| Untracked 
|  54|0x0000000083600000, 0x0000000083700000, 0x0000000083700000|100%| O|  |TAMS 0x0000000083600000| PB 0x0000000083600000| Untracked 
|  55|0x0000000083700000, 0x0000000083700000, 0x0000000083800000|  0%| F|  |TAMS 0x0000000083700000| PB 0x0000000083700000| Untracked 
|  56|0x0000000083800000, 0x0000000083800000, 0x0000000083900000|  0%| F|  |TAMS 0x0000000083800000| PB 0x0000000083800000| Untracked 
|  57|0x0000000083900000, 0x0000000083900000, 0x0000000083a00000|  0%| F|  |TAMS 0x0000000083900000| PB 0x0000000083900000| Untracked 
|  58|0x0000000083a00000, 0x0000000083b00000, 0x0000000083b00000|100%| S|CS|TAMS 0x0000000083a00000| PB 0x0000000083a00000| Complete 
|  59|0x0000000083b00000, 0x0000000083c00000, 0x0000000083c00000|100%| S|CS|TAMS 0x0000000083b00000| PB 0x0000000083b00000| Complete 
|  60|0x0000000083c00000, 0x0000000083c00000, 0x0000000083d00000|  0%| F|  |TAMS 0x0000000083c00000| PB 0x0000000083c00000| Untracked 
|  61|0x0000000083d00000, 0x0000000083d00000, 0x0000000083e00000|  0%| F|  |TAMS 0x0000000083d00000| PB 0x0000000083d00000| Untracked 
|  62|0x0000000083e00000, 0x0000000083e00000, 0x0000000083f00000|  0%| F|  |TAMS 0x0000000083e00000| PB 0x0000000083e00000| Untracked 
|  63|0x0000000083f00000, 0x0000000083f00000, 0x0000000084000000|  0%| F|  |TAMS 0x0000000083f00000| PB 0x0000000083f00000| Untracked 
|  64|0x0000000084000000, 0x0000000084000000, 0x0000000084100000|  0%| F|  |TAMS 0x0000000084000000| PB 0x0000000084000000| Untracked 
|  65|0x0000000084100000, 0x0000000084100000, 0x0000000084200000|  0%| F|  |TAMS 0x0000000084100000| PB 0x0000000084100000| Untracked 
|  66|0x0000000084200000, 0x0000000084200000, 0x0000000084300000|  0%| F|  |TAMS 0x0000000084200000| PB 0x0000000084200000| Untracked 
|  67|0x0000000084300000, 0x0000000084300000, 0x0000000084400000|  0%| F|  |TAMS 0x0000000084300000| PB 0x0000000084300000| Untracked 
|  68|0x0000000084400000, 0x0000000084400000, 0x0000000084500000|  0%| F|  |TAMS 0x0000000084400000| PB 0x0000000084400000| Untracked 
|  69|0x0000000084500000, 0x0000000084500000, 0x0000000084600000|  0%| F|  |TAMS 0x0000000084500000| PB 0x0000000084500000| Untracked 
|  70|0x0000000084600000, 0x0000000084600000, 0x0000000084700000|  0%| F|  |TAMS 0x0000000084600000| PB 0x0000000084600000| Untracked 
|  71|0x0000000084700000, 0x0000000084700000, 0x0000000084800000|  0%| F|  |TAMS 0x0000000084700000| PB 0x0000000084700000| Untracked 
|  72|0x0000000084800000, 0x0000000084900000, 0x0000000084900000|100%| S|CS|TAMS 0x0000000084800000| PB 0x0000000084800000| Complete 
|  73|0x0000000084900000, 0x0000000084a00000, 0x0000000084a00000|100%| S|CS|TAMS 0x0000000084900000| PB 0x0000000084900000| Complete 
|  74|0x0000000084a00000, 0x0000000084a00000, 0x0000000084b00000|  0%| F|  |TAMS 0x0000000084a00000| PB 0x0000000084a00000| Untracked 
|  75|0x0000000084b00000, 0x0000000084b00000, 0x0000000084c00000|  0%| F|  |TAMS 0x0000000084b00000| PB 0x0000000084b00000| Untracked 
|  76|0x0000000084c00000, 0x0000000084c00000, 0x0000000084d00000|  0%| F|  |TAMS 0x0000000084c00000| PB 0x0000000084c00000| Untracked 
|  77|0x0000000084d00000, 0x0000000084d00000, 0x0000000084e00000|  0%| F|  |TAMS 0x0000000084d00000| PB 0x0000000084d00000| Untracked 
|  78|0x0000000084e00000, 0x0000000084e00000, 0x0000000084f00000|  0%| F|  |TAMS 0x0000000084e00000| PB 0x0000000084e00000| Untracked 
|  79|0x0000000084f00000, 0x0000000084f00000, 0x0000000085000000|  0%| F|  |TAMS 0x0000000084f00000| PB 0x0000000084f00000| Untracked 
|  80|0x0000000085000000, 0x0000000085000000, 0x0000000085100000|  0%| F|  |TAMS 0x0000000085000000| PB 0x0000000085000000| Untracked 
|  81|0x0000000085100000, 0x00000000851cc7f8, 0x0000000085200000| 79%| E|  |TAMS 0x0000000085100000| PB 0x0000000085100000| Complete 
|  82|0x0000000085200000, 0x0000000085300000, 0x0000000085300000|100%| E|CS|TAMS 0x0000000085200000| PB 0x0000000085200000| Complete 
|  83|0x0000000085300000, 0x0000000085400000, 0x0000000085400000|100%| E|CS|TAMS 0x0000000085300000| PB 0x0000000085300000| Complete 
|  84|0x0000000085400000, 0x0000000085500000, 0x0000000085500000|100%| E|CS|TAMS 0x0000000085400000| PB 0x0000000085400000| Complete 
|  85|0x0000000085500000, 0x0000000085600000, 0x0000000085600000|100%| E|CS|TAMS 0x0000000085500000| PB 0x0000000085500000| Complete 
|  86|0x0000000085600000, 0x0000000085700000, 0x0000000085700000|100%| E|CS|TAMS 0x0000000085600000| PB 0x0000000085600000| Complete 
|  87|0x0000000085700000, 0x0000000085800000, 0x0000000085800000|100%| E|CS|TAMS 0x0000000085700000| PB 0x0000000085700000| Complete 
|  88|0x0000000085800000, 0x0000000085900000, 0x0000000085900000|100%| E|CS|TAMS 0x0000000085800000| PB 0x0000000085800000| Complete 
|  89|0x0000000085900000, 0x0000000085a00000, 0x0000000085a00000|100%| E|CS|TAMS 0x0000000085900000| PB 0x0000000085900000| Complete 
|  90|0x0000000085a00000, 0x0000000085b00000, 0x0000000085b00000|100%| E|CS|TAMS 0x0000000085a00000| PB 0x0000000085a00000| Complete 
| 190|0x000000008be00000, 0x000000008bf00000, 0x000000008bf00000|100%| E|CS|TAMS 0x000000008be00000| PB 0x000000008be00000| Complete 
| 191|0x000000008bf00000, 0x000000008c000000, 0x000000008c000000|100%| E|CS|TAMS 0x000000008bf00000| PB 0x000000008bf00000| Complete 
| 192|0x000000008c000000, 0x000000008c100000, 0x000000008c100000|100%| E|CS|TAMS 0x000000008c000000| PB 0x000000008c000000| Complete 
| 193|0x000000008c100000, 0x000000008c200000, 0x000000008c200000|100%| E|CS|TAMS 0x000000008c100000| PB 0x000000008c100000| Complete 
| 194|0x000000008c200000, 0x000000008c300000, 0x000000008c300000|100%| E|CS|TAMS 0x000000008c200000| PB 0x000000008c200000| Complete 
| 195|0x000000008c300000, 0x000000008c400000, 0x000000008c400000|100%| E|CS|TAMS 0x000000008c300000| PB 0x000000008c300000| Complete 
| 196|0x000000008c400000, 0x000000008c500000, 0x000000008c500000|100%| E|CS|TAMS 0x000000008c400000| PB 0x000000008c400000| Complete 
| 197|0x000000008c500000, 0x000000008c600000, 0x000000008c600000|100%| E|CS|TAMS 0x000000008c500000| PB 0x000000008c500000| Complete 
| 198|0x000000008c600000, 0x000000008c700000, 0x000000008c700000|100%| E|CS|TAMS 0x000000008c600000| PB 0x000000008c600000| Complete 
| 221|0x000000008dd00000, 0x000000008de00000, 0x000000008de00000|100%| E|CS|TAMS 0x000000008dd00000| PB 0x000000008dd00000| Complete 
|2047|0x00000000fff00000, 0x00000000fff5ad28, 0x0000000100000000| 35%| O|  |TAMS 0x00000000fff00000| PB 0x00000000fff00000| Untracked 

Card table byte_map: [0x00000280172e0000,0x00000280176e0000] _byte_map_base: 0x0000028016ee0000

Marking Bits: (CMBitMap*) 0x0000028004565390
 Bits: [0x00000280176e0000, 0x00000280196e0000)

Polling page: 0x00000280022e0000

Metaspace:

Usage:
  Non-class:     46.30 MB used.
      Class:      7.20 MB used.
       Both:     53.50 MB used.

Virtual space:
  Non-class space:       64.00 MB reserved,      47.06 MB ( 74%) committed,  1 nodes.
      Class space:        1.00 GB reserved,       7.94 MB ( <1%) committed,  1 nodes.
             Both:        1.06 GB reserved,      55.00 MB (  5%) committed. 

Chunk freelists:
   Non-Class:  16.00 KB
       Class:  8.11 MB
        Both:  8.12 MB

MaxMetaspaceSize: unlimited
CompressedClassSpaceSize: 1.00 GB
Initial GC threshold: 21.00 MB
Current GC threshold: 81.19 MB
CDS: off
 - commit_granule_bytes: 65536.
 - commit_granule_words: 8192.
 - virtual_space_node_default_size: 8388608.
 - enlarge_chunks_in_place: 1.
 - use_allocation_guard: 0.


Internal statistics:

num_allocs_failed_limit: 8.
num_arena_births: 2718.
num_arena_deaths: 0.
num_vsnodes_births: 2.
num_vsnodes_deaths: 0.
num_space_committed: 880.
num_space_uncommitted: 0.
num_chunks_returned_to_freelist: 8.
num_chunks_taken_from_freelist: 4892.
num_chunk_merges: 3.
num_chunk_splits: 3132.
num_chunks_enlarged: 1889.
num_inconsistent_stats: 0.

CodeHeap 'non-profiled nmethods': size=119168Kb used=2746Kb max_used=2746Kb free=116421Kb
 bounds [0x000002800f200000, 0x000002800f4b0000, 0x0000028016660000]
CodeHeap 'profiled nmethods': size=119104Kb used=9248Kb max_used=9248Kb free=109855Kb
 bounds [0x0000028007660000, 0x0000028007f70000, 0x000002800eab0000]
CodeHeap 'non-nmethods': size=7488Kb used=4370Kb max_used=4416Kb free=3117Kb
 bounds [0x000002800eab0000, 0x000002800ef10000, 0x000002800f200000]
 total_blobs=5561 nmethods=4719 adapters=743
 compilation: enabled
              stopped_count=0, restarted_count=0
 full_count=0

Compilation events (20 events):
Event: 10.416 Thread 0x000002801c99c1c0 nmethod 5314 0x000002800f4a7c10 code [0x000002800f4a7dc0, 0x000002800f4a8010]
Event: 10.417 Thread 0x0000028025078150 5316       4       java.lang.ClassLoader::getDefinedPackage (36 bytes)
Event: 10.431 Thread 0x0000028025078150 nmethod 5316 0x000002800f4a8210 code [0x000002800f4a8480, 0x000002800f4a9048]
Event: 10.433 Thread 0x000002801cb67030 5317       3       com.google.common.collect.MapMakerInternalMap::hash (14 bytes)
Event: 10.433 Thread 0x000002801c99cc50 5319       3       com.google.common.collect.MapMakerInternalMap::segmentFor (17 bytes)
Event: 10.433 Thread 0x0000028021c6b110 5318       3       com.google.common.collect.MapMakerInternalMap::rehash (49 bytes)
Event: 10.433 Thread 0x0000028021c6b110 nmethod 5318 0x0000028007f66510 code [0x0000028007f666a0, 0x0000028007f667d0]
Event: 10.433 Thread 0x000002801cb67030 nmethod 5317 0x0000028007f66890 code [0x0000028007f66a60, 0x0000028007f66d00]
Event: 10.433 Thread 0x000002801c99cc50 nmethod 5319 0x0000028007f66e10 code [0x0000028007f66fc0, 0x0000028007f67100]
Event: 10.469 Thread 0x000002801cb656d0 5320       3       com.google.common.collect.ImmutableSet$Builder::copyIfNecessary (17 bytes)
Event: 10.469 Thread 0x000002801cb656d0 nmethod 5320 0x0000028007f67210 code [0x0000028007f673c0, 0x0000028007f675c8]
Event: 10.472 Thread 0x0000028025275b00 nmethod 5315 0x000002800f4a9910 code [0x000002800f4a9c80, 0x000002800f4ac3f8]
Event: 10.473 Thread 0x0000028025078150 5321       4       jdk.internal.loader.URLClassPath$JarLoader$2::getManifest (26 bytes)
Event: 10.474 Thread 0x000002801c99c1c0 5322  s!   4       java.util.jar.JarFile::ensureInitialization (59 bytes)
Event: 10.474 Thread 0x0000028021c6b110 5323       3       java.lang.invoke.DirectMethodHandle$Special::<init> (16 bytes)
Event: 10.474 Thread 0x0000028021c6b110 nmethod 5323 0x0000028007f67690 code [0x0000028007f67840, 0x0000028007f679e0]
Event: 10.475 Thread 0x000002801c99c1c0 nmethod 5322 0x000002800f4ad810 code [0x000002800f4ad9c0, 0x000002800f4add40]
Event: 10.476 Thread 0x0000028025078150 nmethod 5321 0x000002800f4adf10 code [0x000002800f4ae100, 0x000002800f4ae5d8]
Event: 10.732 Thread 0x0000028021c6b110 5324       3       java.util.concurrent.locks.AbstractQueuedSynchronizer$ConditionObject::unlinkCancelledWaiters (91 bytes)
Event: 10.732 Thread 0x0000028021c6b110 nmethod 5324 0x0000028007f67a90 code [0x0000028007f67c60, 0x0000028007f680c0]

GC Heap History (20 events):
Event: 1.741 GC heap before
{Heap before GC invocations=2 (full 0):
 garbage-first heap   total 227328K, used 61396K [0x0000000080000000, 0x0000000100000000)
  region size 1024K, 53 young (54272K), 5 survivors (5120K)
 Metaspace       used 14349K, committed 14528K, reserved 1114112K
  class space    used 1556K, committed 1664K, reserved 1048576K
}
Event: 1.746 GC heap after
{Heap after GC invocations=3 (full 0):
 garbage-first heap   total 227328K, used 17603K [0x0000000080000000, 0x0000000100000000)
  region size 1024K, 6 young (6144K), 6 survivors (6144K)
 Metaspace       used 14349K, committed 14528K, reserved 1114112K
  class space    used 1556K, committed 1664K, reserved 1048576K
}
Event: 3.730 GC heap before
{Heap before GC invocations=3 (full 0):
 garbage-first heap   total 227328K, used 40131K [0x0000000080000000, 0x0000000100000000)
  region size 1024K, 29 young (29696K), 6 survivors (6144K)
 Metaspace       used 21248K, committed 21504K, reserved 1114112K
  class space    used 2423K, committed 2560K, reserved 1048576K
}
Event: 3.732 GC heap after
{Heap after GC invocations=4 (full 0):
 garbage-first heap   total 227328K, used 20134K [0x0000000080000000, 0x0000000100000000)
  region size 1024K, 9 young (9216K), 9 survivors (9216K)
 Metaspace       used 21248K, committed 21504K, reserved 1114112K
  class space    used 2423K, committed 2560K, reserved 1048576K
}
Event: 4.871 GC heap before
{Heap before GC invocations=5 (full 0):
 garbage-first heap   total 71680K, used 69286K [0x0000000080000000, 0x0000000100000000)
  region size 1024K, 58 young (59392K), 9 survivors (9216K)
 Metaspace       used 29278K, committed 29888K, reserved 1114112K
  class space    used 3702K, committed 3968K, reserved 1048576K
}
Event: 4.877 GC heap after
{Heap after GC invocations=6 (full 0):
 garbage-first heap   total 83968K, used 23228K [0x0000000080000000, 0x0000000100000000)
  region size 1024K, 12 young (12288K), 12 survivors (12288K)
 Metaspace       used 29278K, committed 29888K, reserved 1114112K
  class space    used 3702K, committed 3968K, reserved 1048576K
}
Event: 6.509 GC heap before
{Heap before GC invocations=6 (full 0):
 garbage-first heap   total 83968K, used 60092K [0x0000000080000000, 0x0000000100000000)
  region size 1024K, 49 young (50176K), 12 survivors (12288K)
 Metaspace       used 34013K, committed 34816K, reserved 1114112K
  class space    used 4509K, committed 4864K, reserved 1048576K
}
Event: 6.515 GC heap after
{Heap after GC invocations=7 (full 0):
 garbage-first heap   total 83968K, used 25594K [0x0000000080000000, 0x0000000100000000)
  region size 1024K, 6 young (6144K), 6 survivors (6144K)
 Metaspace       used 34013K, committed 34816K, reserved 1114112K
  class space    used 4509K, committed 4864K, reserved 1048576K
}
Event: 7.236 GC heap before
{Heap before GC invocations=7 (full 0):
 garbage-first heap   total 83968K, used 47098K [0x0000000080000000, 0x0000000100000000)
  region size 1024K, 17 young (17408K), 6 survivors (6144K)
 Metaspace       used 35123K, committed 35968K, reserved 1114112K
  class space    used 4698K, committed 5120K, reserved 1048576K
}
Event: 7.240 GC heap after
{Heap after GC invocations=8 (full 0):
 garbage-first heap   total 83968K, used 41061K [0x0000000080000000, 0x0000000100000000)
  region size 1024K, 6 young (6144K), 6 survivors (6144K)
 Metaspace       used 35123K, committed 35968K, reserved 1114112K
  class space    used 4698K, committed 5120K, reserved 1048576K
}
Event: 8.144 GC heap before
{Heap before GC invocations=9 (full 0):
 garbage-first heap   total 83968K, used 70757K [0x0000000080000000, 0x0000000100000000)
  region size 1024K, 35 young (35840K), 6 survivors (6144K)
 Metaspace       used 38630K, committed 39680K, reserved 1114112K
  class space    used 5243K, committed 5760K, reserved 1048576K
}
Event: 8.148 GC heap after
{Heap after GC invocations=10 (full 0):
 garbage-first heap   total 83968K, used 45371K [0x0000000080000000, 0x0000000100000000)
  region size 1024K, 3 young (3072K), 3 survivors (3072K)
 Metaspace       used 38630K, committed 39680K, reserved 1114112K
  class space    used 5243K, committed 5760K, reserved 1048576K
}
Event: 8.624 GC heap before
{Heap before GC invocations=10 (full 0):
 garbage-first heap   total 83968K, used 73019K [0x0000000080000000, 0x0000000100000000)
  region size 1024K, 30 young (30720K), 3 survivors (3072K)
 Metaspace       used 42338K, committed 43584K, reserved 1114112K
  class space    used 5846K, committed 6464K, reserved 1048576K
}
Event: 8.627 GC heap after
{Heap after GC invocations=11 (full 0):
 garbage-first heap   total 83968K, used 46901K [0x0000000080000000, 0x0000000100000000)
  region size 1024K, 2 young (2048K), 2 survivors (2048K)
 Metaspace       used 42338K, committed 43584K, reserved 1114112K
  class space    used 5846K, committed 6464K, reserved 1048576K
}
Event: 9.186 GC heap before
{Heap before GC invocations=11 (full 0):
 garbage-first heap   total 83968K, used 73525K [0x0000000080000000, 0x0000000100000000)
  region size 1024K, 29 young (29696K), 2 survivors (2048K)
 Metaspace       used 48352K, committed 49664K, reserved 1114112K
  class space    used 6578K, committed 7232K, reserved 1048576K
}
Event: 9.190 GC heap after
{Heap after GC invocations=12 (full 0):
 garbage-first heap   total 83968K, used 50028K [0x0000000080000000, 0x0000000100000000)
  region size 1024K, 4 young (4096K), 4 survivors (4096K)
 Metaspace       used 48352K, committed 49664K, reserved 1114112K
  class space    used 6578K, committed 7232K, reserved 1048576K
}
Event: 9.412 GC heap before
{Heap before GC invocations=13 (full 0):
 garbage-first heap   total 83968K, used 73580K [0x0000000080000000, 0x0000000100000000)
  region size 1024K, 28 young (28672K), 4 survivors (4096K)
 Metaspace       used 49356K, committed 50688K, reserved 1114112K
  class space    used 6652K, committed 7296K, reserved 1048576K
}
Event: 9.417 GC heap after
{Heap after GC invocations=14 (full 0):
 garbage-first heap   total 83968K, used 52522K [0x0000000080000000, 0x0000000100000000)
  region size 1024K, 3 young (3072K), 3 survivors (3072K)
 Metaspace       used 49356K, committed 50688K, reserved 1114112K
  class space    used 6652K, committed 7296K, reserved 1048576K
}
Event: 9.913 GC heap before
{Heap before GC invocations=14 (full 0):
 garbage-first heap   total 83968K, used 79146K [0x0000000080000000, 0x0000000100000000)
  region size 1024K, 25 young (25600K), 3 survivors (3072K)
 Metaspace       used 52395K, committed 53824K, reserved 1114112K
  class space    used 6973K, committed 7680K, reserved 1048576K
}
Event: 10.015 GC heap after
{Heap after GC invocations=15 (full 0):
 garbage-first heap   total 104448K, used 53611K [0x0000000080000000, 0x0000000100000000)
  region size 1024K, 4 young (4096K), 4 survivors (4096K)
 Metaspace       used 52395K, committed 53824K, reserved 1114112K
  class space    used 6973K, committed 7680K, reserved 1048576K
}

Dll operation events (3 events):
Event: 0.010 Loaded shared library C:\Program Files\Android\Android Studio\jbr\bin\java.dll
Event: 0.016 Loaded shared library C:\Program Files\Android\Android Studio\jbr\bin\zip.dll
Event: 0.525 Loaded shared library C:\Program Files\Android\Android Studio\jbr\bin\verify.dll

Deoptimization events (20 events):
Event: 9.829 Thread 0x00000280229843c0 Uncommon trap: trap_request=0xffffffc6 fr.pc=0x000002800f3601f8 relative=0x00000000000000b8
Event: 9.829 Thread 0x00000280229843c0 Uncommon trap: reason=bimorphic_or_optimized_type_check action=maybe_recompile pc=0x000002800f3601f8 method=java.util.stream.Sink$ChainedReference.cancellationRequested()Z @ 4 c2
Event: 9.829 Thread 0x00000280229843c0 DEOPT PACKING pc=0x000002800f3601f8 sp=0x0000009c271feb40
Event: 9.829 Thread 0x00000280229843c0 DEOPT UNPACKING pc=0x000002800eb046a2 sp=0x0000009c271feac8 mode 2
Event: 9.829 Thread 0x00000280229843c0 Uncommon trap: trap_request=0xffffffc6 fr.pc=0x000002800f3601f8 relative=0x00000000000000b8
Event: 9.829 Thread 0x00000280229843c0 Uncommon trap: reason=bimorphic_or_optimized_type_check action=maybe_recompile pc=0x000002800f3601f8 method=java.util.stream.Sink$ChainedReference.cancellationRequested()Z @ 4 c2
Event: 9.829 Thread 0x00000280229843c0 DEOPT PACKING pc=0x000002800f3601f8 sp=0x0000009c271feb40
Event: 9.829 Thread 0x00000280229843c0 DEOPT UNPACKING pc=0x000002800eb046a2 sp=0x0000009c271feac8 mode 2
Event: 9.842 Thread 0x0000028022c09670 Uncommon trap: trap_request=0xffffff3d fr.pc=0x000002800f2bd5f4 relative=0x0000000000000c74
Event: 9.842 Thread 0x0000028022c09670 Uncommon trap: reason=unstable_fused_if action=reinterpret pc=0x000002800f2bd5f4 method=org.objectweb.asm.ByteVector.putUTF8(Ljava/lang/String;)Lorg/objectweb/asm/ByteVector; @ 93 c2
Event: 9.842 Thread 0x0000028022c09670 DEOPT PACKING pc=0x000002800f2bd5f4 sp=0x0000009c277f6540
Event: 9.842 Thread 0x0000028022c09670 DEOPT UNPACKING pc=0x000002800eb046a2 sp=0x0000009c277f6498 mode 2
Event: 10.243 Thread 0x0000028022c09670 Uncommon trap: trap_request=0xffffff45 fr.pc=0x000002800f30e0c8 relative=0x0000000000000128
Event: 10.243 Thread 0x0000028022c09670 Uncommon trap: reason=unstable_if action=reinterpret pc=0x000002800f30e0c8 method=java.util.Arrays.hashCode([Ljava/lang/Object;)I @ 34 c2
Event: 10.243 Thread 0x0000028022c09670 DEOPT PACKING pc=0x000002800f30e0c8 sp=0x0000009c277f7f90
Event: 10.243 Thread 0x0000028022c09670 DEOPT UNPACKING pc=0x000002800eb046a2 sp=0x0000009c277f7f08 mode 2
Event: 10.305 Thread 0x0000028022c09670 Uncommon trap: trap_request=0xffffff45 fr.pc=0x000002800f2c8044 relative=0x00000000000000a4
Event: 10.305 Thread 0x0000028022c09670 Uncommon trap: reason=unstable_if action=reinterpret pc=0x000002800f2c8044 method=java.lang.ref.ReferenceQueue.poll()Ljava/lang/ref/Reference; @ 4 c2
Event: 10.305 Thread 0x0000028022c09670 DEOPT PACKING pc=0x000002800f2c8044 sp=0x0000009c277f67e0
Event: 10.305 Thread 0x0000028022c09670 DEOPT UNPACKING pc=0x000002800eb046a2 sp=0x0000009c277f66c8 mode 2

Classes loaded (20 events):
Event: 9.676 Loading class java/lang/invoke/BoundMethodHandle$Species_LJ
Event: 9.676 Loading class java/lang/invoke/BoundMethodHandle$Species_LJ done
Event: 9.730 Loading class sun/nio/fs/WindowsException
Event: 9.731 Loading class sun/nio/fs/WindowsException done
Event: 9.740 Loading class java/nio/channels/Channels
Event: 9.740 Loading class java/nio/channels/Channels done
Event: 9.740 Loading class sun/nio/ch/Streams
Event: 9.740 Loading class sun/nio/ch/Streams done
Event: 9.740 Loading class sun/nio/ch/ChannelInputStream
Event: 9.741 Loading class sun/nio/ch/ChannelInputStream done
Event: 9.755 Loading class sun/nio/ch/ChannelOutputStream
Event: 9.755 Loading class sun/nio/ch/ChannelOutputStream done
Event: 9.791 Loading class java/util/function/IntBinaryOperator
Event: 9.791 Loading class java/util/function/IntBinaryOperator done
Event: 10.250 Loading class java/util/PrimitiveIterator$OfInt
Event: 10.250 Loading class java/util/PrimitiveIterator
Event: 10.250 Loading class java/util/PrimitiveIterator done
Event: 10.250 Loading class java/util/PrimitiveIterator$OfInt done
Event: 10.263 Loading class java/util/concurrent/RecursiveAction
Event: 10.263 Loading class java/util/concurrent/RecursiveAction done

Classes unloaded (0 events):
No events

Classes redefined (0 events):
No events

Internal exceptions (20 events):
Event: 9.869 Thread 0x0000028022c09670 Exception <a 'java/lang/NoSuchMethodError'{0x0000000083d58af0}: 'java.lang.Object java.lang.invoke.DirectMethodHandle$Holder.invokeSpecial(java.lang.Object, java.lang.Object, java.lang.Object, java.lang.Object, java.lang.Object, int)'> (0x0000000083d58af0) 
thrown [s\src\hotspot\share\interpreter\linkResolver.cpp, line 784]
Event: 9.869 Thread 0x0000028022c09670 Exception <a 'java/lang/NoSuchMethodError'{0x0000000083d5d4d8}: 'java.lang.Object java.lang.invoke.Invokers$Holder.linkToTargetMethod(java.lang.Object, java.lang.Object, java.lang.Object, int, java.lang.Object)'> (0x0000000083d5d4d8) 
thrown [s\src\hotspot\share\interpreter\linkResolver.cpp, line 784]
Event: 10.038 Thread 0x0000028022c09670 Exception <a 'java/lang/NoSuchMethodError'{0x000000008c665008}: 'int java.lang.invoke.DirectMethodHandle$Holder.invokeInterface(java.lang.Object, java.lang.Object, java.lang.Object, java.lang.Object)'> (0x000000008c665008) 
thrown [s\src\hotspot\share\interpreter\linkResolver.cpp, line 784]
Event: 10.075 Thread 0x0000028022c09670 Exception <a 'java/lang/NoSuchMethodError'{0x000000008c4abb88}: 'java.lang.Object java.lang.invoke.DirectMethodHandle$Holder.invokeStatic(java.lang.Object, long, java.lang.Object)'> (0x000000008c4abb88) 
thrown [s\src\hotspot\share\interpreter\linkResolver.cpp, line 784]
Event: 10.075 Thread 0x0000028022c09670 Exception <a 'java/lang/NoSuchMethodError'{0x000000008c4b31c0}: 'java.lang.Object java.lang.invoke.DirectMethodHandle$Holder.newInvokeSpecial(java.lang.Object, long)'> (0x000000008c4b31c0) 
thrown [s\src\hotspot\share\interpreter\linkResolver.cpp, line 784]
Event: 10.084 Thread 0x0000028022c09670 Exception <a 'java/lang/NoSuchMethodError'{0x000000008c31f0a8}: 'java.lang.Object java.lang.invoke.Invokers$Holder.linkToTargetMethod(java.lang.Object, java.lang.Object, java.lang.Object, java.lang.Object, long, java.lang.Object, java.lang.Object)'> (0x000000008c31f0a8) 
thrown [s\src\hotspot\share\interpreter\linkResolver.cpp, line 784]
Event: 10.087 Thread 0x0000028022c09670 Exception <a 'java/lang/NoSuchMethodError'{0x000000008c364900}: 'java.lang.Object java.lang.invoke.DirectMethodHandle$Holder.newInvokeSpecial(java.lang.Object, java.lang.Object, java.lang.Object, long, java.lang.Object)'> (0x000000008c364900) 
thrown [s\src\hotspot\share\interpreter\linkResolver.cpp, line 784]
Event: 10.087 Thread 0x0000028022c09670 Exception <a 'java/lang/NoSuchMethodError'{0x000000008c369cc0}: 'java.lang.Object java.lang.invoke.DirectMethodHandle$Holder.invokeSpecial(java.lang.Object, java.lang.Object, java.lang.Object, java.lang.Object, long, java.lang.Object)'> (0x000000008c369cc0) 
thrown [s\src\hotspot\share\interpreter\linkResolver.cpp, line 784]
Event: 10.087 Thread 0x0000028022c09670 Exception <a 'java/lang/NoSuchMethodError'{0x000000008c36e4a8}: 'java.lang.Object java.lang.invoke.Invokers$Holder.linkToTargetMethod(java.lang.Object, java.lang.Object, long, java.lang.Object, java.lang.Object)'> (0x000000008c36e4a8) 
thrown [s\src\hotspot\share\interpreter\linkResolver.cpp, line 784]
Event: 10.191 Thread 0x0000028022c09670 Exception <a 'java/lang/NoSuchMethodError'{0x000000008c1ea6c8}: 'java.lang.Object java.lang.invoke.DirectMethodHandle$Holder.newInvokeSpecial(java.lang.Object, java.lang.Object, java.lang.Object, java.lang.Object, java.lang.Object, java.lang.Object, java.lang.Object, java.lang.Object, java.lang.Object, java.lang.Object, java.lang.Object, java.lang.Object, java.lang.Object, java.lang.Object, java.lang.Object, java.lang.Object, java.lang.Object, java.lang.Object, java.lang.Object, java.lang.Object, java.lang
Event: 10.193 Thread 0x0000028022c09670 Exception <a 'java/lang/NoSuchMethodError'{0x000000008c1f2540}: 'java.lang.Object java.lang.invoke.DirectMethodHandle$Holder.invokeSpecial(java.lang.Object, java.lang.Object, java.lang.Object, java.lang.Object, java.lang.Object, java.lang.Object, java.lang.Object, java.lang.Object, java.lang.Object, java.lang.Object, java.lang.Object, java.lang.Object, java.lang.Object, java.lang.Object, java.lang.Object, java.lang.Object, java.lang.Object, java.lang.Object, java.lang.Object, java.lang.Object, java.lang.Ob
Event: 10.193 Thread 0x0000028022c09670 Exception <a 'java/lang/NoSuchMethodError'{0x000000008c1f8b08}: 'java.lang.Object java.lang.invoke.DelegatingMethodHandle$Holder.reinvoke_L(java.lang.Object, java.lang.Object, java.lang.Object, java.lang.Object, java.lang.Object, java.lang.Object, java.lang.Object, java.lang.Object, java.lang.Object, java.lang.Object, java.lang.Object, java.lang.Object, java.lang.Object, java.lang.Object, java.lang.Object, java.lang.Object, java.lang.Object, java.lang.Object, java.lang.Object, java.lang.Object, java.lang.O
Event: 10.243 Thread 0x0000028022c09670 Implicit null exception at 0x000002800f30dffc to 0x000002800f30e0ac
Event: 10.294 Thread 0x0000028022c09670 Exception <a 'java/lang/ClassNotFoundException'{0x0000000085afd2f0}: org/gradle/api/internal/artifacts/dsl/dependencies/DefaultDependencyHandler_DecoratedBeanInfo> (0x0000000085afd2f0) 
thrown [s\src\hotspot\share\classfile\systemDictionary.cpp, line 312]
Event: 10.295 Thread 0x0000028022c09670 Exception <a 'java/lang/ClassNotFoundException'{0x00000000859133f8}: org/gradle/api/internal/artifacts/dsl/dependencies/DefaultDependencyHandlerBeanInfo> (0x00000000859133f8) 
thrown [s\src\hotspot\share\classfile\systemDictionary.cpp, line 312]
Event: 10.298 Thread 0x0000028022c09670 Exception <a 'java/lang/ClassNotFoundException'{0x0000000085928cc8}: org/gradle/api/internal/artifacts/dsl/dependencies/DefaultDependencyHandlerCustomizer> (0x0000000085928cc8) 
thrown [s\src\hotspot\share\classfile\systemDictionary.cpp, line 312]
Event: 10.309 Thread 0x0000028022c09670 Exception <a 'java/lang/ClassNotFoundException'{0x0000000085972ee8}: org/gradle/api/internal/artifacts/dsl/dependencies/DefaultDependencyHandler_DecoratedCustomizer> (0x0000000085972ee8) 
thrown [s\src\hotspot\share\classfile\systemDictionary.cpp, line 312]
Event: 10.315 Thread 0x0000028022c09670 Exception <a 'java/lang/ClassNotFoundException'{0x00000000859b36e8}: sync_studio_tooling1033_9z9tb32gn7ous75tmrm687ga7$_run_closure1BeanInfo> (0x00000000859b36e8) 
thrown [s\src\hotspot\share\classfile\systemDictionary.cpp, line 312]
Event: 10.322 Thread 0x0000028022c09670 Exception <a 'java/lang/ClassNotFoundException'{0x00000000859bab80}: sync_studio_tooling1033_9z9tb32gn7ous75tmrm687ga7$_run_closure1Customizer> (0x00000000859bab80) 
thrown [s\src\hotspot\share\classfile\systemDictionary.cpp, line 312]
Event: 10.407 Thread 0x0000028022c09670 Exception <a 'java/lang/NoSuchMethodError'{0x000000008557d9f8}: 'java.lang.Object java.lang.invoke.DirectMethodHandle$Holder.newInvokeSpecial(java.lang.Object, int, java.lang.Object)'> (0x000000008557d9f8) 
thrown [s\src\hotspot\share\interpreter\linkResolver.cpp, line 784]

ZGC Phase Switch (0 events):
No events

VM Operations (20 events):
Event: 9.190 Executing VM operation: G1CollectForAllocation (G1 Evacuation Pause) done
Event: 9.204 Executing VM operation: G1PauseRemark
Event: 9.207 Executing VM operation: G1PauseRemark done
Event: 9.212 Executing VM operation: G1PauseCleanup
Event: 9.212 Executing VM operation: G1PauseCleanup done
Event: 9.218 Executing VM operation: HandshakeAllThreads (Deoptimize)
Event: 9.218 Executing VM operation: HandshakeAllThreads (Deoptimize) done
Event: 9.290 Executing VM operation: HandshakeAllThreads (Deoptimize)
Event: 9.290 Executing VM operation: HandshakeAllThreads (Deoptimize) done
Event: 9.412 Executing VM operation: G1CollectForAllocation (G1 Evacuation Pause)
Event: 9.417 Executing VM operation: G1CollectForAllocation (G1 Evacuation Pause) done
Event: 9.732 Executing VM operation: HandshakeAllThreads (Deoptimize)
Event: 9.732 Executing VM operation: HandshakeAllThreads (Deoptimize) done
Event: 9.858 Executing VM operation: HandshakeAllThreads (Deoptimize)
Event: 9.858 Executing VM operation: HandshakeAllThreads (Deoptimize) done
Event: 9.913 Executing VM operation: G1CollectForAllocation (G1 Evacuation Pause)
Event: 10.015 Executing VM operation: G1CollectForAllocation (G1 Evacuation Pause) done
Event: 10.037 Executing VM operation: HandshakeAllThreads (Deoptimize)
Event: 10.037 Executing VM operation: HandshakeAllThreads (Deoptimize) done
Event: 11.042 Executing VM operation: Cleanup

Memory protections (0 events):
No events

Nmethod flushes (20 events):
Event: 9.206 Thread 0x000002801c93d550 flushing  nmethod 0x000002800780b390
Event: 9.206 Thread 0x000002801c93d550 flushing  nmethod 0x000002800780c290
Event: 9.206 Thread 0x000002801c93d550 flushing  nmethod 0x0000028007840890
Event: 9.206 Thread 0x000002801c93d550 flushing  nmethod 0x0000028007842410
Event: 9.206 Thread 0x000002801c93d550 flushing  nmethod 0x0000028007843090
Event: 9.206 Thread 0x000002801c93d550 flushing  nmethod 0x0000028007d04210
Event: 9.206 Thread 0x000002801c93d550 flushing  nmethod 0x0000028007690390
Event: 9.206 Thread 0x000002801c93d550 flushing  nmethod 0x00000280076cbc10
Event: 9.206 Thread 0x000002801c93d550 flushing  nmethod 0x00000280076ce910
Event: 9.206 Thread 0x000002801c93d550 flushing  nmethod 0x00000280076cfa90
Event: 9.206 Thread 0x000002801c93d550 flushing  nmethod 0x000002800775de10
Event: 9.206 Thread 0x000002801c93d550 flushing  nmethod 0x000002800775ec10
Event: 9.206 Thread 0x000002801c93d550 flushing  nmethod 0x0000028007766690
Event: 9.206 Thread 0x000002801c93d550 flushing  nmethod 0x000002800780e690
Event: 9.206 Thread 0x000002801c93d550 flushing  nmethod 0x000002800780eb10
Event: 9.206 Thread 0x000002801c93d550 flushing  nmethod 0x0000028007810010
Event: 9.206 Thread 0x000002801c93d550 flushing  nmethod 0x0000028007810790
Event: 9.206 Thread 0x000002801c93d550 flushing  nmethod 0x0000028007811090
Event: 9.206 Thread 0x000002801c93d550 flushing  nmethod 0x0000028007811a90
Event: 9.206 Thread 0x000002801c93d550 flushing  nmethod 0x00000280079b6a90

Events (20 events):
Event: 6.919 Thread 0x0000028022c09670 Thread added: 0x0000028023007fb0
Event: 6.919 Thread 0x0000028022c09670 Thread added: 0x0000028023007920
Event: 6.919 Thread 0x0000028022c09670 Thread added: 0x0000028023005ee0
Event: 6.919 Thread 0x0000028022c09670 Thread added: 0x000002802300a080
Event: 6.919 Thread 0x0000028022c09670 Thread added: 0x0000028023007290
Event: 6.920 Thread 0x0000028022c09670 Thread added: 0x0000028023006c00
Event: 6.920 Thread 0x0000028022c09670 Thread added: 0x0000028023008640
Event: 6.920 Thread 0x0000028022c09670 Thread added: 0x0000028023009360
Event: 6.920 Thread 0x0000028022c09670 Thread added: 0x000002802300a710
Event: 6.920 Thread 0x0000028022c09670 Thread added: 0x00000280230099f0
Event: 6.922 Thread 0x0000028022c09670 Thread added: 0x0000028022f919b0
Event: 6.922 Thread 0x0000028022c09670 Thread added: 0x0000028022f92040
Event: 6.922 Thread 0x0000028022c09670 Thread added: 0x0000028022f933f0
Event: 8.177 Thread 0x0000028022c09670 Thread added: 0x0000028022f926d0
Event: 8.373 Thread 0x0000028022c09670 Thread added: 0x0000028022f90600
Event: 8.500 Thread 0x0000028022c09670 Thread added: 0x0000028022f8ff70
Event: 8.814 Thread 0x000002801c99cc50 Thread added: 0x0000028025275b00
Event: 9.406 Thread 0x000002801cb656d0 Thread added: 0x0000028025ca81b0
Event: 9.407 Thread 0x000002801cb656d0 Thread added: 0x0000028025ca8850
Event: 10.348 Thread 0x0000028025ca8850 Thread exited: 0x0000028025ca8850


Dynamic libraries:
0x00007ff734290000 - 0x00007ff73429a000 	C:\Program Files\Android\Android Studio\jbr\bin\java.exe
0x00007ffc93940000 - 0x00007ffc93ba5000 	C:\WINDOWS\SYSTEM32\ntdll.dll
0x00007ffc92840000 - 0x00007ffc92909000 	C:\WINDOWS\System32\KERNEL32.DLL
0x00007ffc90ac0000 - 0x00007ffc90ea8000 	C:\WINDOWS\System32\KERNELBASE.dll
0x00007ffc90eb0000 - 0x00007ffc90ffb000 	C:\WINDOWS\System32\ucrtbase.dll
0x00007ffc72920000 - 0x00007ffc72938000 	C:\Program Files\Android\Android Studio\jbr\bin\jli.dll
0x00007ffc7ade0000 - 0x00007ffc7adfb000 	C:\Program Files\Android\Android Studio\jbr\bin\VCRUNTIME140.dll
0x00007ffc92670000 - 0x00007ffc9283a000 	C:\WINDOWS\System32\USER32.dll
0x00007ffc78fb0000 - 0x00007ffc7924a000 	C:\WINDOWS\WinSxS\amd64_microsoft.windows.common-controls_6595b64144ccf1df_6.0.26100.4202_none_3e0698d4e335f517\COMCTL32.dll
0x00007ffc90a90000 - 0x00007ffc90ab7000 	C:\WINDOWS\System32\win32u.dll
0x00007ffc91a80000 - 0x00007ffc91b29000 	C:\WINDOWS\System32\msvcrt.dll
0x00007ffc92ea0000 - 0x00007ffc92ecb000 	C:\WINDOWS\System32\GDI32.dll
0x00007ffc912a0000 - 0x00007ffc913d7000 	C:\WINDOWS\System32\gdi32full.dll
0x00007ffc91000000 - 0x00007ffc910a3000 	C:\WINDOWS\System32\msvcp_win.dll
0x00007ffc937a0000 - 0x00007ffc937d0000 	C:\WINDOWS\System32\IMM32.DLL
0x00007ffc8b360000 - 0x00007ffc8b36c000 	C:\Program Files\Android\Android Studio\jbr\bin\vcruntime140_1.dll
0x00007ffc32160000 - 0x00007ffc321ed000 	C:\Program Files\Android\Android Studio\jbr\bin\msvcp140.dll
0x00007ffbe1810000 - 0x00007ffbe249b000 	C:\Program Files\Android\Android Studio\jbr\bin\server\jvm.dll
0x00007ffc935e0000 - 0x00007ffc93693000 	C:\WINDOWS\System32\ADVAPI32.dll
0x00007ffc925c0000 - 0x00007ffc92666000 	C:\WINDOWS\System32\sechost.dll
0x00007ffc937e0000 - 0x00007ffc938f5000 	C:\WINDOWS\System32\RPCRT4.dll
0x00007ffc91740000 - 0x00007ffc917b4000 	C:\WINDOWS\System32\WS2_32.dll
0x00007ffc8f680000 - 0x00007ffc8f6de000 	C:\WINDOWS\SYSTEM32\POWRPROF.dll
0x00007ffc874e0000 - 0x00007ffc87515000 	C:\WINDOWS\SYSTEM32\WINMM.dll
0x00007ffc87520000 - 0x00007ffc8752b000 	C:\WINDOWS\SYSTEM32\VERSION.dll
0x00007ffc8f660000 - 0x00007ffc8f674000 	C:\WINDOWS\SYSTEM32\UMPDC.dll
0x00007ffc8f8b0000 - 0x00007ffc8f8cb000 	C:\WINDOWS\SYSTEM32\kernel.appcore.dll
0x00007ffc8b330000 - 0x00007ffc8b33a000 	C:\Program Files\Android\Android Studio\jbr\bin\jimage.dll
0x00007ffc8e470000 - 0x00007ffc8e6b1000 	C:\WINDOWS\SYSTEM32\DBGHELP.DLL
0x00007ffc92fd0000 - 0x00007ffc93355000 	C:\WINDOWS\System32\combase.dll
0x00007ffc92da0000 - 0x00007ffc92e81000 	C:\WINDOWS\System32\OLEAUT32.dll
0x00007ffc74850000 - 0x00007ffc74889000 	C:\WINDOWS\SYSTEM32\dbgcore.DLL
0x00007ffc91200000 - 0x00007ffc91299000 	C:\WINDOWS\System32\bcryptPrimitives.dll
0x00007ffc7f0f0000 - 0x00007ffc7f0fe000 	C:\Program Files\Android\Android Studio\jbr\bin\instrument.dll
0x00007ffc76270000 - 0x00007ffc76290000 	C:\Program Files\Android\Android Studio\jbr\bin\java.dll
0x00007ffc76190000 - 0x00007ffc761a8000 	C:\Program Files\Android\Android Studio\jbr\bin\zip.dll
0x00007ffc91b40000 - 0x00007ffc92282000 	C:\WINDOWS\System32\SHELL32.dll
0x00007ffc913e0000 - 0x00007ffc91554000 	C:\WINDOWS\System32\wintypes.dll
0x00007ffc8e6f0000 - 0x00007ffc8ef48000 	C:\WINDOWS\SYSTEM32\windows.storage.dll
0x00007ffc934e0000 - 0x00007ffc935d1000 	C:\WINDOWS\System32\SHCORE.dll
0x00007ffc92340000 - 0x00007ffc923aa000 	C:\WINDOWS\System32\shlwapi.dll
0x00007ffc909a0000 - 0x00007ffc909cf000 	C:\WINDOWS\SYSTEM32\profapi.dll
0x00007ffc89e60000 - 0x00007ffc89e70000 	C:\Program Files\Android\Android Studio\jbr\bin\net.dll
0x00007ffc885e0000 - 0x00007ffc886fe000 	C:\WINDOWS\SYSTEM32\WINHTTP.dll
0x00007ffc8fee0000 - 0x00007ffc8ff4a000 	C:\WINDOWS\system32\mswsock.dll
0x00007ffc75c20000 - 0x00007ffc75c36000 	C:\Program Files\Android\Android Studio\jbr\bin\nio.dll
0x00007ffc80860000 - 0x00007ffc80870000 	C:\Program Files\Android\Android Studio\jbr\bin\verify.dll
0x00007ffc75bd0000 - 0x00007ffc75bf7000 	C:\Users\jacki\.gradle\native\c067742578af261105cb4f569cf0c3c89f3d7b1fecec35dd04571415982c5e48\windows-amd64\native-platform.dll
0x00007ffc22f30000 - 0x00007ffc23074000 	C:\Users\jacki\.gradle\native\100fb08df4bc3b14c8652ba06237920a3bd2aa13389f12d3474272988ae205f9\windows-amd64\native-platform-file-events.dll
0x00007ffc86bb0000 - 0x00007ffc86bb9000 	C:\Program Files\Android\Android Studio\jbr\bin\management.dll
0x00007ffc86a90000 - 0x00007ffc86a9b000 	C:\Program Files\Android\Android Studio\jbr\bin\management_ext.dll
0x00007ffc91a70000 - 0x00007ffc91a78000 	C:\WINDOWS\System32\PSAPI.DLL
0x00007ffc90190000 - 0x00007ffc901ab000 	C:\WINDOWS\SYSTEM32\CRYPTSP.dll
0x00007ffc8f8d0000 - 0x00007ffc8f90a000 	C:\WINDOWS\system32\rsaenh.dll
0x00007ffc8ff80000 - 0x00007ffc8ffab000 	C:\WINDOWS\SYSTEM32\USERENV.dll
0x00007ffc90970000 - 0x00007ffc90996000 	C:\WINDOWS\SYSTEM32\bcrypt.dll
0x00007ffc901b0000 - 0x00007ffc901bc000 	C:\WINDOWS\SYSTEM32\CRYPTBASE.dll
0x00007ffc8f310000 - 0x00007ffc8f343000 	C:\WINDOWS\SYSTEM32\IPHLPAPI.DLL
0x00007ffc92e90000 - 0x00007ffc92e9a000 	C:\WINDOWS\System32\NSI.dll
0x00007ffc86c30000 - 0x00007ffc86c39000 	C:\Program Files\Android\Android Studio\jbr\bin\extnet.dll
0x00007ffc7f100000 - 0x00007ffc7f108000 	C:\WINDOWS\system32\wshunix.dll

dbghelp: loaded successfully - version: 4.0.5 - missing functions: none
symbol engine: initialized successfully - sym options: 0x614 - pdb path: .;C:\Program Files\Android\Android Studio\jbr\bin;C:\WINDOWS\SYSTEM32;C:\WINDOWS\WinSxS\amd64_microsoft.windows.common-controls_6595b64144ccf1df_6.0.26100.4202_none_3e0698d4e335f517;C:\Program Files\Android\Android Studio\jbr\bin\server;C:\Users\jacki\.gradle\native\c067742578af261105cb4f569cf0c3c89f3d7b1fecec35dd04571415982c5e48\windows-amd64;C:\Users\jacki\.gradle\native\100fb08df4bc3b14c8652ba06237920a3bd2aa13389f12d3474272988ae205f9\windows-amd64

VM Arguments:
jvm_args: --add-opens=java.base/java.lang=ALL-UNNAMED --add-opens=java.base/java.lang.invoke=ALL-UNNAMED --add-opens=java.base/java.util=ALL-UNNAMED --add-opens=java.prefs/java.util.prefs=ALL-UNNAMED --add-exports=jdk.compiler/com.sun.tools.javac.api=ALL-UNNAMED --add-exports=jdk.compiler/com.sun.tools.javac.util=ALL-UNNAMED --add-opens=java.base/java.util=ALL-UNNAMED --add-opens=java.prefs/java.util.prefs=ALL-UNNAMED --add-opens=java.base/java.nio.charset=ALL-UNNAMED --add-opens=java.base/java.net=ALL-UNNAMED --add-opens=java.base/java.util.concurrent.atomic=ALL-UNNAMED --add-opens=java.xml/javax.xml.namespace=ALL-UNNAMED -Xmx2048m -Dfile.encoding=UTF-8 -Duser.country=GB -Duser.language=en -Duser.variant -javaagent:C:\Users\jacki\.gradle\wrapper\dists\gradle-8.11.1-bin\bpt9gzteqjrbo1mjrsomdt32c\gradle-8.11.1\lib\agents\gradle-instrumentation-agent-8.11.1.jar 
java_command: org.gradle.launcher.daemon.bootstrap.GradleDaemon 8.11.1
java_class_path (initial): C:\Users\jacki\.gradle\wrapper\dists\gradle-8.11.1-bin\bpt9gzteqjrbo1mjrsomdt32c\gradle-8.11.1\lib\gradle-daemon-main-8.11.1.jar
Launcher Type: SUN_STANDARD

[Global flags]
     intx CICompilerCount                          = 12                                        {product} {ergonomic}
     uint ConcGCThreads                            = 3                                         {product} {ergonomic}
     uint G1ConcRefinementThreads                  = 13                                        {product} {ergonomic}
   size_t G1HeapRegionSize                         = 1048576                                   {product} {ergonomic}
    uintx GCDrainStackTargetSize                   = 64                                        {product} {ergonomic}
   size_t InitialHeapSize                          = 232783872                                 {product} {ergonomic}
   size_t MarkStackSize                            = 4194304                                   {product} {ergonomic}
   size_t MaxHeapSize                              = 2147483648                                {product} {command line}
   size_t MaxNewSize                               = 1287651328                                {product} {ergonomic}
   size_t MinHeapDeltaBytes                        = 1048576                                   {product} {ergonomic}
   size_t MinHeapSize                              = 8388608                                   {product} {ergonomic}
    uintx NonNMethodCodeHeapSize                   = 7602480                                {pd product} {ergonomic}
    uintx NonProfiledCodeHeapSize                  = 122027880                              {pd product} {ergonomic}
    uintx ProfiledCodeHeapSize                     = 122027880                              {pd product} {ergonomic}
    uintx ReservedCodeCacheSize                    = 251658240                              {pd product} {ergonomic}
     bool SegmentedCodeCache                       = true                                      {product} {ergonomic}
   size_t SoftMaxHeapSize                          = 2147483648                             {manageable} {ergonomic}
     bool UseCompressedOops                        = true                           {product lp64_product} {ergonomic}
     bool UseG1GC                                  = true                                      {product} {ergonomic}
     bool UseLargePagesIndividualAllocation        = false                                  {pd product} {ergonomic}

Logging:
Log output configuration:
 #0: stdout all=warning uptime,level,tags foldmultilines=false
 #1: stderr all=off uptime,level,tags foldmultilines=false

Environment Variables:
JAVA_HOME=C:\Program Files\Java\jdk-17
PATH=C:\Program Files\Microsoft\jdk-17.0.15.6-hotspot\bin;C:\Program Files\Common Files\Oracle\Java\javapath;C:\Program Files (x86)\Common Files\Oracle\Java\javapath;C:\Windows\system32;C:\Windows;C:\Windows\System32\Wbem;C:\Windows\System32\WindowsPowerShell\v1.0\;C:\Windows\System32\OpenSSH\;C:\Program Files (x86)\NVIDIA Corporation\PhysX\Common;C:\Program Files\NVIDIA Corporation\NVIDIA NvDLISR;C:\WINDOWS\system32;C:\WINDOWS;C:\WINDOWS\System32\Wbem;C:\WINDOWS\System32\WindowsPowerShell\v1.0\;C:\WINDOWS\System32\OpenSSH\;C:\Program Files\dotnet\;C:\Program Files\nodejs\;C:\Program Files\Git\cmd;C:\ProgramData\chocolatey\bin;C:\Users\jacki\AppData\Local\Programs\Python\Python312\Scripts\;C:\Users\jacki\AppData\Local\Programs\Python\Python312\;C:\Users\jacki\AppData\Local\Programs\Python\Launcher\;C:\Users\jacki\AppData\Local\Microsoft\WindowsApps;C:\Users\jacki\AppData\Local\GitHubDesktop\bin;C:\Users\jacki\AppData\Local\Programs\Microsoft VS Code\bin;C:\Users\jacki\AppData\Roaming\npm;C:\Users\jacki\AppData\Local\Programs\cursor\resources\app\bin
USERNAME=jacki
OS=Windows_NT
PROCESSOR_IDENTIFIER=AMD64 Family 25 Model 80 Stepping 0, AuthenticAMD
TMP=C:\Users\jacki\AppData\Local\Temp
TEMP=C:\Users\jacki\AppData\Local\Temp




Periodic native trim disabled

JNI global refs:
JNI global refs: 34, weak refs: 0

JNI global refs memory usage: 835, weak refs: 201

Process memory usage:
Resident Set Size: 284892K (1% of 14528572K total physical memory with 1492932K free physical memory)

OOME stack traces (most recent first):
Classloader memory used:
Loader org.gradle.internal.classloader.VisitableURLClassLoader                         : 25503K
Loader bootstrap                                                                       : 22079K
Loader org.gradle.initialization.MixInLegacyTypesClassLoader                           : 5655K
Loader org.gradle.internal.classloader.VisitableURLClassLoader                         : 703K
Loader jdk.internal.loader.ClassLoaders$PlatformClassLoader                            : 524K
Loader jdk.internal.loader.ClassLoaders$AppClassLoader                                 : 235K
Loader jdk.internal.reflect.DelegatingClassLoader                                      : 151K
Loader org.gradle.groovy.scripts.internal.DefaultScriptCompilationHandler$ScriptClassLoader: 35064B
Loader org.codehaus.groovy.runtime.callsite.CallSiteClassLoader                        : 7168B

Classes loaded by more than one classloader:
Class org.gradle.api.GradleException                                                  : loaded 3 times (x 78B)
Class org.gradle.internal.classloader.FilteringClassLoader                            : loaded 2 times (x 101B)
Class org.gradle.internal.classloader.ClassLoaderHierarchy                            : loaded 2 times (x 66B)
Class org.gradle.api.internal.classpath.ManifestUtil                                  : loaded 2 times (x 67B)
Class org.gradle.internal.operations.MultipleBuildOperationFailures                   : loaded 2 times (x 91B)
Class org.gradle.internal.classloader.DefaultClassLoaderFactory                       : loaded 2 times (x 78B)
Class kotlin.collections.AbstractList$Companion                                       : loaded 2 times (x 67B)
Class org.gradle.internal.classloader.ClassLoaderVisitor                              : loaded 2 times (x 72B)
Class org.gradle.api.internal.classpath.EffectiveClassPath                            : loaded 2 times (x 86B)
Class org.gradle.api.internal.DefaultClassPathProvider                                : loaded 2 times (x 72B)
Class [Lorg.gradle.api.internal.ClassPathProvider;                                    : loaded 2 times (x 65B)
Class org.gradle.api.internal.ClassPathProvider                                       : loaded 2 times (x 66B)
Class org.gradle.internal.service.UnknownServiceException                             : loaded 2 times (x 79B)
Class org.gradle.internal.classpath.TransformedClassPath                              : loaded 2 times (x 92B)
Class org.gradle.internal.classloader.InstrumentingClassLoader                        : loaded 2 times (x 66B)
Class kotlin.enums.EnumEntriesList                                                    : loaded 2 times (x 219B)
Class org.gradle.internal.service.ServiceLocator                                      : loaded 2 times (x 66B)
Class org.gradle.internal.InternalTransformer                                         : loaded 2 times (x 66B)
Class org.gradle.internal.time.DefaultTimer                                           : loaded 2 times (x 76B)
Class org.gradle.internal.classloader.ClasspathUtil$1                                 : loaded 2 times (x 72B)
Class org.gradle.api.internal.classpath.DefaultModuleRegistry$DefaultModule           : loaded 2 times (x 82B)
Class org.gradle.internal.time.DefaultCountdownTimer                                  : loaded 2 times (x 84B)
Class kotlin.Function                                                                 : loaded 2 times (x 66B)
Class org.gradle.api.internal.classpath.Module                                        : loaded 2 times (x 66B)
Class org.gradle.api.internal.classpath.UnknownModuleException                        : loaded 2 times (x 78B)
Class org.gradle.api.internal.DefaultClassPathRegistry                                : loaded 2 times (x 72B)
Class org.gradle.api.internal.ClassPathRegistry                                       : loaded 2 times (x 66B)
Class org.gradle.internal.classpath.DefaultClassPath$ImmutableUniqueList              : loaded 2 times (x 195B)
Class org.gradle.internal.classpath.ClassPath                                         : loaded 2 times (x 66B)
Class org.gradle.api.UncheckedIOException                                             : loaded 2 times (x 78B)
Class kotlin.UninitializedPropertyAccessException                                     : loaded 2 times (x 78B)
Class org.gradle.internal.installation.GradleInstallation$1                           : loaded 2 times (x 71B)
Class org.gradle.api.internal.classpath.ModuleRegistry                                : loaded 2 times (x 66B)
Class org.gradle.api.internal.classpath.DefaultModuleRegistry                         : loaded 2 times (x 82B)
Class org.gradle.internal.time.MonotonicClock                                         : loaded 2 times (x 73B)
Class org.gradle.internal.service.ServiceLookupException                              : loaded 2 times (x 78B)
Class org.gradle.internal.classloader.ClassLoaderFactory                              : loaded 2 times (x 66B)
Class org.gradle.internal.service.CachingServiceLocator                               : loaded 2 times (x 78B)
Class org.gradle.internal.time.TimeSource                                             : loaded 2 times (x 66B)
Class kotlin.enums.EnumEntries                                                        : loaded 2 times (x 66B)
Class org.gradle.internal.exceptions.ResolutionProvider                               : loaded 2 times (x 66B)
Class org.gradle.internal.classloader.ClasspathUtil                                   : loaded 2 times (x 67B)
Class org.gradle.internal.time.TimeSource$1                                           : loaded 2 times (x 73B)
Class org.gradle.api.specs.Spec                                                       : loaded 2 times (x 66B)
Class org.gradle.internal.time.Clock                                                  : loaded 2 times (x 66B)
Class kotlin.collections.AbstractList                                                 : loaded 2 times (x 193B)
Class kotlin.collections.AbstractCollection                                           : loaded 2 times (x 113B)
Class org.gradle.internal.classloader.VisitableURLClassLoader$InstrumentingVisitableURLClassLoader: loaded 2 times (x 119B)
Class org.gradle.internal.classloader.VisitableURLClassLoader$Spec                    : loaded 2 times (x 70B)
Class org.gradle.internal.classpath.DefaultClassPath                                  : loaded 2 times (x 86B)
Class org.gradle.internal.classloader.ClassLoaderSpec                                 : loaded 2 times (x 67B)
Class org.gradle.internal.classloader.VisitableURLClassLoader                         : loaded 2 times (x 113B)
Class org.gradle.internal.Cast                                                        : loaded 2 times (x 67B)
Class org.gradle.api.Action                                                           : loaded 2 times (x 66B)
Class kotlin.jvm.functions.Function1                                                  : loaded 2 times (x 66B)
Class org.gradle.internal.classpath.DefaultClassPath$ImmutableUniqueList$Builder      : loaded 2 times (x 71B)
Class kotlin.NotImplementedError                                                      : loaded 2 times (x 78B)
Class org.gradle.internal.exceptions.NonGradleCauseExceptionsHolder                   : loaded 2 times (x 66B)
Class kotlin.enums.EnumEntriesKt                                                      : loaded 2 times (x 67B)
Class org.gradle.internal.IoActions                                                   : loaded 2 times (x 67B)
Class org.gradle.internal.classloader.SystemClassLoaderSpec                           : loaded 2 times (x 67B)
Class org.gradle.internal.exceptions.MultiCauseException                              : loaded 2 times (x 66B)
Class org.gradle.internal.time.CountdownTimer                                         : loaded 2 times (x 66B)
Class kotlin.jvm.internal.Intrinsics                                                  : loaded 2 times (x 67B)
Class org.gradle.tooling.model.ProjectModel                                           : loaded 2 times (x 66B)
Class kotlin.KotlinNullPointerException                                               : loaded 2 times (x 79B)
Class org.gradle.internal.exceptions.DefaultMultiCauseException                       : loaded 2 times (x 91B)
Class org.gradle.internal.time.Time                                                   : loaded 2 times (x 67B)
Class org.gradle.api.internal.classpath.GlobalCacheRootsProvider                      : loaded 2 times (x 66B)
Class org.gradle.internal.time.Timer                                                  : loaded 2 times (x 66B)
Class kotlin.jvm.internal.markers.KMappedMarker                                       : loaded 2 times (x 66B)
Class org.gradle.internal.installation.CurrentGradleInstallationLocator               : loaded 2 times (x 67B)
Class org.gradle.internal.service.DefaultServiceLocator                               : loaded 2 times (x 79B)
Class org.gradle.util.GradleVersion                                                   : loaded 2 times (x 79B)
Class org.gradle.internal.installation.CurrentGradleInstallation                      : loaded 2 times (x 69B)
Class org.gradle.util.internal.GUtil                                                  : loaded 2 times (x 67B)
Class org.gradle.internal.installation.GradleInstallation                             : loaded 2 times (x 71B)

---------------  S Y S T E M  ---------------

OS:
 Windows 11 , 64 bit Build 26100 (10.0.26100.4202)
OS uptime: 0 days 23:36 hours
Hyper-V role detected

CPU: total 16 (initial active 16) (16 cores per cpu, 2 threads per core) family 25 model 80 stepping 0 microcode 0xa50000c, cx8, cmov, fxsr, ht, mmx, 3dnowpref, sse, sse2, sse3, ssse3, sse4a, sse4.1, sse4.2, popcnt, lzcnt, tsc, tscinvbit, avx, avx2, aes, erms, clmul, bmi1, bmi2, adx, sha, fma, vzeroupper, clflush, clflushopt, hv, rdtscp, rdpid, fsrm, f16c, cet_ss
Processor Information for the first 16 processors :
  Max Mhz: 3201, Current Mhz: 3201, Mhz Limit: 3201

Memory: 4k page, system-wide physical 14188M (1457M free)
TotalPageFile size 18188M (AvailPageFile size 5M)
current process WorkingSet (physical memory assigned to process): 278M, peak: 286M
current process commit charge ("private bytes"): 335M, peak: 362M

vm_info: OpenJDK 64-Bit Server VM (21.0.6+-13368085-b895.109) for windows-amd64 JRE (21.0.6+-13368085-b895.109), built on 2025-04-16T17:01:31Z by "builder" with MS VC++ 16.10 / 16.11 (VS2019)

END.
